INFO - ==========================================================
INFO - Model loaded  @/home/hmei7/workspace/tcr/attack/bap_attack/model_list/atmTCR_tcr_retrain.ckpt
INFO - Loading training dataset  @/home/hmei7/workspace/tcr/attack/bap_attack/data/tcr_neg
WARNING - The `device` argument should be set by using `torch.device` or passing a string as an argument. This behavior will be deprecated soon and currently defaults to cpu.
WARNING - The `device` argument should be set by using `torch.device` or passing a string as an argument. This behavior will be deprecated soon and currently defaults to cpu.
INFO - Epoch 2 - AUC: 0.6703 - Accuracy: 0.5128 - Loss: deque([9223372036854775807, 257236.0821, 256659.8327, 239481.4178], maxlen=10)
INFO - Epoch 4 - AUC: 0.6799 - Accuracy: 0.5457 - Loss: deque([9223372036854775807, 257236.0821, 256659.8327, 239481.4178, 204069.9075, 189004.9201], maxlen=10)
INFO - Epoch 6 - AUC: 0.685 - Accuracy: 0.5409 - Loss: deque([9223372036854775807, 257236.0821, 256659.8327, 239481.4178, 204069.9075, 189004.9201, 188517.176, 180908.8159], maxlen=10)
INFO - Epoch 8 - AUC: 0.6934 - Accuracy: 0.5669 - Loss: deque([9223372036854775807, 257236.0821, 256659.8327, 239481.4178, 204069.9075, 189004.9201, 188517.176, 180908.8159, 166905.8192, 150884.3642], maxlen=10)
INFO - Epoch 10 - AUC: 0.6957 - Accuracy: 0.565 - Loss: deque([256659.8327, 239481.4178, 204069.9075, 189004.9201, 188517.176, 180908.8159, 166905.8192, 150884.3642, 145896.9702, 134889.1935], maxlen=10)
INFO - Epoch 12 - AUC: 0.7 - Accuracy: 0.5754 - Loss: deque([204069.9075, 189004.9201, 188517.176, 180908.8159, 166905.8192, 150884.3642, 145896.9702, 134889.1935, 136042.7534, 128411.6885], maxlen=10)
INFO - Epoch 14 - AUC: 0.7039 - Accuracy: 0.585 - Loss: deque([188517.176, 180908.8159, 166905.8192, 150884.3642, 145896.9702, 134889.1935, 136042.7534, 128411.6885, 107059.7472, 115784.9765], maxlen=10)
INFO - Epoch 16 - AUC: 0.7091 - Accuracy: 0.6029 - Loss: deque([166905.8192, 150884.3642, 145896.9702, 134889.1935, 136042.7534, 128411.6885, 107059.7472, 115784.9765, 101575.1543, 89586.8672], maxlen=10)
INFO - Epoch 18 - AUC: 0.7108 - Accuracy: 0.6116 - Loss: deque([145896.9702, 134889.1935, 136042.7534, 128411.6885, 107059.7472, 115784.9765, 101575.1543, 89586.8672, 85648.0395, 75910.9499], maxlen=10)
INFO - Epoch 20 - AUC: 0.7138 - Accuracy: 0.5956 - Loss: deque([136042.7534, 128411.6885, 107059.7472, 115784.9765, 101575.1543, 89586.8672, 85648.0395, 75910.9499, 98778.6696, 80728.4358], maxlen=10)
INFO - Epoch 22 - AUC: 0.7148 - Accuracy: 0.601 - Loss: deque([107059.7472, 115784.9765, 101575.1543, 89586.8672, 85648.0395, 75910.9499, 98778.6696, 80728.4358, 75220.7446, 75629.5629], maxlen=10)
INFO - Epoch 24 - AUC: 0.7154 - Accuracy: 0.6004 - Loss: deque([101575.1543, 89586.8672, 85648.0395, 75910.9499, 98778.6696, 80728.4358, 75220.7446, 75629.5629, 81028.2444, 66934.9202], maxlen=10)
INFO - Epoch 26 - AUC: 0.717 - Accuracy: 0.5852 - Loss: deque([85648.0395, 75910.9499, 98778.6696, 80728.4358, 75220.7446, 75629.5629, 81028.2444, 66934.9202, 80083.0195, 70687.6461], maxlen=10)
INFO - Epoch 28 - AUC: 0.7178 - Accuracy: 0.5999 - Loss: deque([98778.6696, 80728.4358, 75220.7446, 75629.5629, 81028.2444, 66934.9202, 80083.0195, 70687.6461, 52698.5781, 57332.8475], maxlen=10)
INFO - Epoch 30 - AUC: 0.7149 - Accuracy: 0.586 - Loss: deque([75220.7446, 75629.5629, 81028.2444, 66934.9202, 80083.0195, 70687.6461, 52698.5781, 57332.8475, 55064.3707, 59585.2664], maxlen=10)
INFO - Epoch 32 - AUC: 0.7185 - Accuracy: 0.6029 - Loss: deque([81028.2444, 66934.9202, 80083.0195, 70687.6461, 52698.5781, 57332.8475, 55064.3707, 59585.2664, 46097.4513, 53416.7067], maxlen=10)
INFO - Epoch 34 - AUC: 0.7205 - Accuracy: 0.5991 - Loss: deque([80083.0195, 70687.6461, 52698.5781, 57332.8475, 55064.3707, 59585.2664, 46097.4513, 53416.7067, 45459.3873, 47892.7595], maxlen=10)
INFO - Epoch 36 - AUC: 0.7209 - Accuracy: 0.5974 - Loss: deque([52698.5781, 57332.8475, 55064.3707, 59585.2664, 46097.4513, 53416.7067, 45459.3873, 47892.7595, 43263.0819, 44521.1011], maxlen=10)
INFO - Epoch 38 - AUC: 0.7226 - Accuracy: 0.6149 - Loss: deque([55064.3707, 59585.2664, 46097.4513, 53416.7067, 45459.3873, 47892.7595, 43263.0819, 44521.1011, 51462.4922, 35921.2723], maxlen=10)
INFO - Epoch 40 - AUC: 0.7246 - Accuracy: 0.6129 - Loss: deque([46097.4513, 53416.7067, 45459.3873, 47892.7595, 43263.0819, 44521.1011, 51462.4922, 35921.2723, 39308.8789, 39587.8993], maxlen=10)
INFO - Epoch 42 - AUC: 0.723 - Accuracy: 0.603 - Loss: deque([45459.3873, 47892.7595, 43263.0819, 44521.1011, 51462.4922, 35921.2723, 39308.8789, 39587.8993, 33057.3455, 35963.207], maxlen=10)
INFO - Epoch 44 - AUC: 0.7252 - Accuracy: 0.5895 - Loss: deque([43263.0819, 44521.1011, 51462.4922, 35921.2723, 39308.8789, 39587.8993, 33057.3455, 35963.207, 39157.2561, 40769.8915], maxlen=10)
INFO - Epoch 46 - AUC: 0.7242 - Accuracy: 0.5924 - Loss: deque([51462.4922, 35921.2723, 39308.8789, 39587.8993, 33057.3455, 35963.207, 39157.2561, 40769.8915, 28434.564, 38835.7174], maxlen=10)
INFO - Epoch 48 - AUC: 0.7245 - Accuracy: 0.5969 - Loss: deque([39308.8789, 39587.8993, 33057.3455, 35963.207, 39157.2561, 40769.8915, 28434.564, 38835.7174, 31945.967, 34188.1891], maxlen=10)
INFO - Epoch 50 - AUC: 0.7259 - Accuracy: 0.5994 - Loss: deque([33057.3455, 35963.207, 39157.2561, 40769.8915, 28434.564, 38835.7174, 31945.967, 34188.1891, 33029.3775, 32157.7222], maxlen=10)
INFO - Epoch 52 - AUC: 0.7268 - Accuracy: 0.5947 - Loss: deque([39157.2561, 40769.8915, 28434.564, 38835.7174, 31945.967, 34188.1891, 33029.3775, 32157.7222, 38815.0665, 33765.7082], maxlen=10)
INFO - Epoch 54 - AUC: 0.7283 - Accuracy: 0.6047 - Loss: deque([28434.564, 38835.7174, 31945.967, 34188.1891, 33029.3775, 32157.7222, 38815.0665, 33765.7082, 34941.8915, 29167.2819], maxlen=10)
INFO - Epoch 56 - AUC: 0.7292 - Accuracy: 0.6204 - Loss: deque([31945.967, 34188.1891, 33029.3775, 32157.7222, 38815.0665, 33765.7082, 34941.8915, 29167.2819, 36262.2715, 27230.8238], maxlen=10)
INFO - Epoch 58 - AUC: 0.7287 - Accuracy: 0.6148 - Loss: deque([33029.3775, 32157.7222, 38815.0665, 33765.7082, 34941.8915, 29167.2819, 36262.2715, 27230.8238, 28579.4129, 27690.3409], maxlen=10)
INFO - Epoch 60 - AUC: 0.7291 - Accuracy: 0.6095 - Loss: deque([38815.0665, 33765.7082, 34941.8915, 29167.2819, 36262.2715, 27230.8238, 28579.4129, 27690.3409, 31559.842, 27046.3217], maxlen=10)
INFO - Epoch 62 - AUC: 0.7308 - Accuracy: 0.5976 - Loss: deque([34941.8915, 29167.2819, 36262.2715, 27230.8238, 28579.4129, 27690.3409, 31559.842, 27046.3217, 31840.7318, 28482.384], maxlen=10)
INFO - Epoch 64 - AUC: 0.7288 - Accuracy: 0.5953 - Loss: deque([36262.2715, 27230.8238, 28579.4129, 27690.3409, 31559.842, 27046.3217, 31840.7318, 28482.384, 29580.4877, 30990.4676], maxlen=10)
INFO - Epoch 66 - AUC: 0.73 - Accuracy: 0.5824 - Loss: deque([28579.4129, 27690.3409, 31559.842, 27046.3217, 31840.7318, 28482.384, 29580.4877, 30990.4676, 26697.5794, 33840.9911], maxlen=10)
INFO - Epoch 68 - AUC: 0.7326 - Accuracy: 0.619 - Loss: deque([31559.842, 27046.3217, 31840.7318, 28482.384, 29580.4877, 30990.4676, 26697.5794, 33840.9911, 24926.1654, 24471.0315], maxlen=10)
INFO - Epoch 70 - AUC: 0.7311 - Accuracy: 0.5854 - Loss: deque([31840.7318, 28482.384, 29580.4877, 30990.4676, 26697.5794, 33840.9911, 24926.1654, 24471.0315, 31523.7742, 30466.6657], maxlen=10)
INFO - Epoch 72 - AUC: 0.7278 - Accuracy: 0.5788 - Loss: deque([29580.4877, 30990.4676, 26697.5794, 33840.9911, 24926.1654, 24471.0315, 31523.7742, 30466.6657, 33307.0676, 31103.5281], maxlen=10)
INFO - Epoch 74 - AUC: 0.7296 - Accuracy: 0.5875 - Loss: deque([26697.5794, 33840.9911, 24926.1654, 24471.0315, 31523.7742, 30466.6657, 33307.0676, 31103.5281, 29748.8851, 31421.2976], maxlen=10)
INFO - Epoch 76 - AUC: 0.7332 - Accuracy: 0.5953 - Loss: deque([24926.1654, 24471.0315, 31523.7742, 30466.6657, 33307.0676, 31103.5281, 29748.8851, 31421.2976, 26562.1978, 28813.9979], maxlen=10)
INFO - Epoch 78 - AUC: 0.7322 - Accuracy: 0.5956 - Loss: deque([31523.7742, 30466.6657, 33307.0676, 31103.5281, 29748.8851, 31421.2976, 26562.1978, 28813.9979, 26176.0947, 26590.9665], maxlen=10)
INFO - Epoch 80 - AUC: 0.7327 - Accuracy: 0.5887 - Loss: deque([33307.0676, 31103.5281, 29748.8851, 31421.2976, 26562.1978, 28813.9979, 26176.0947, 26590.9665, 30917.3276, 26697.9535], maxlen=10)
INFO - Epoch 82 - AUC: 0.7342 - Accuracy: 0.5861 - Loss: deque([29748.8851, 31421.2976, 26562.1978, 28813.9979, 26176.0947, 26590.9665, 30917.3276, 26697.9535, 28439.572, 29366.0187], maxlen=10)
INFO - Epoch 84 - AUC: 0.7356 - Accuracy: 0.5934 - Loss: deque([26562.1978, 28813.9979, 26176.0947, 26590.9665, 30917.3276, 26697.9535, 28439.572, 29366.0187, 26524.0354, 27054.3844], maxlen=10)
INFO - Epoch 86 - AUC: 0.7349 - Accuracy: 0.5821 - Loss: deque([26176.0947, 26590.9665, 30917.3276, 26697.9535, 28439.572, 29366.0187, 26524.0354, 27054.3844, 25583.7321, 29186.1726], maxlen=10)
INFO - Epoch 88 - AUC: 0.7357 - Accuracy: 0.5961 - Loss: deque([30917.3276, 26697.9535, 28439.572, 29366.0187, 26524.0354, 27054.3844, 25583.7321, 29186.1726, 29478.0376, 26134.6193], maxlen=10)
INFO - Epoch 90 - AUC: 0.7355 - Accuracy: 0.5915 - Loss: deque([28439.572, 29366.0187, 26524.0354, 27054.3844, 25583.7321, 29186.1726, 29478.0376, 26134.6193, 30139.8978, 26128.4648], maxlen=10)
INFO - Epoch 92 - AUC: 0.7354 - Accuracy: 0.5896 - Loss: deque([26524.0354, 27054.3844, 25583.7321, 29186.1726, 29478.0376, 26134.6193, 30139.8978, 26128.4648, 28910.6576, 29527.8075], maxlen=10)
INFO - Epoch 94 - AUC: 0.7339 - Accuracy: 0.5744 - Loss: deque([25583.7321, 29186.1726, 29478.0376, 26134.6193, 30139.8978, 26128.4648, 28910.6576, 29527.8075, 27587.4288, 31044.4864], maxlen=10)
INFO - Epoch 96 - AUC: 0.7361 - Accuracy: 0.5996 - Loss: deque([29478.0376, 26134.6193, 30139.8978, 26128.4648, 28910.6576, 29527.8075, 27587.4288, 31044.4864, 30569.8755, 26535.895], maxlen=10)
INFO - Epoch 98 - AUC: 0.7361 - Accuracy: 0.6017 - Loss: deque([30139.8978, 26128.4648, 28910.6576, 29527.8075, 27587.4288, 31044.4864, 30569.8755, 26535.895, 29087.439, 27990.6759], maxlen=10)
INFO - Epoch 100 - AUC: 0.738 - Accuracy: 0.5951 - Loss: deque([28910.6576, 29527.8075, 27587.4288, 31044.4864, 30569.8755, 26535.895, 29087.439, 27990.6759, 31052.147, 26521.8516], maxlen=10)
INFO - Epoch 102 - AUC: 0.7388 - Accuracy: 0.6121 - Loss: deque([27587.4288, 31044.4864, 30569.8755, 26535.895, 29087.439, 27990.6759, 31052.147, 26521.8516, 25846.6449, 26471.0357], maxlen=10)
INFO - Epoch 104 - AUC: 0.7407 - Accuracy: 0.6103 - Loss: deque([30569.8755, 26535.895, 29087.439, 27990.6759, 31052.147, 26521.8516, 25846.6449, 26471.0357, 27143.3245, 25724.8578], maxlen=10)
INFO - Epoch 106 - AUC: 0.7387 - Accuracy: 0.5925 - Loss: deque([29087.439, 27990.6759, 31052.147, 26521.8516, 25846.6449, 26471.0357, 27143.3245, 25724.8578, 27862.8282, 28024.9853], maxlen=10)
INFO - Epoch 108 - AUC: 0.738 - Accuracy: 0.5916 - Loss: deque([31052.147, 26521.8516, 25846.6449, 26471.0357, 27143.3245, 25724.8578, 27862.8282, 28024.9853, 29738.3856, 28012.1517], maxlen=10)
INFO - Epoch 110 - AUC: 0.7392 - Accuracy: 0.5764 - Loss: deque([25846.6449, 26471.0357, 27143.3245, 25724.8578, 27862.8282, 28024.9853, 29738.3856, 28012.1517, 28646.6883, 30786.126], maxlen=10)
INFO - Epoch 112 - AUC: 0.7405 - Accuracy: 0.5984 - Loss: deque([27143.3245, 25724.8578, 27862.8282, 28024.9853, 29738.3856, 28012.1517, 28646.6883, 30786.126, 28776.4504, 27870.5757], maxlen=10)
INFO - Epoch 114 - AUC: 0.7393 - Accuracy: 0.5863 - Loss: deque([27862.8282, 28024.9853, 29738.3856, 28012.1517, 28646.6883, 30786.126, 28776.4504, 27870.5757, 29743.193, 31243.9007], maxlen=10)
INFO - Epoch 116 - AUC: 0.7428 - Accuracy: 0.5927 - Loss: deque([29738.3856, 28012.1517, 28646.6883, 30786.126, 28776.4504, 27870.5757, 29743.193, 31243.9007, 27278.0425, 27629.9879], maxlen=10)
INFO - Epoch 118 - AUC: 0.7417 - Accuracy: 0.5997 - Loss: deque([28646.6883, 30786.126, 28776.4504, 27870.5757, 29743.193, 31243.9007, 27278.0425, 27629.9879, 33929.8862, 25479.8568], maxlen=10)
INFO - Epoch 120 - AUC: 0.74 - Accuracy: 0.5762 - Loss: deque([28776.4504, 27870.5757, 29743.193, 31243.9007, 27278.0425, 27629.9879, 33929.8862, 25479.8568, 24609.1012, 31775.6824], maxlen=10)
INFO - Epoch 122 - AUC: 0.7396 - Accuracy: 0.5807 - Loss: deque([29743.193, 31243.9007, 27278.0425, 27629.9879, 33929.8862, 25479.8568, 24609.1012, 31775.6824, 29281.314, 28653.1623], maxlen=10)
INFO - Epoch 124 - AUC: 0.7424 - Accuracy: 0.5787 - Loss: deque([27278.0425, 27629.9879, 33929.8862, 25479.8568, 24609.1012, 31775.6824, 29281.314, 28653.1623, 28525.7391, 34148.3667], maxlen=10)
INFO - Epoch 126 - AUC: 0.746 - Accuracy: 0.6014 - Loss: deque([33929.8862, 25479.8568, 24609.1012, 31775.6824, 29281.314, 28653.1623, 28525.7391, 34148.3667, 30085.4215, 27926.4151], maxlen=10)
INFO - Epoch 128 - AUC: 0.7468 - Accuracy: 0.602 - Loss: deque([24609.1012, 31775.6824, 29281.314, 28653.1623, 28525.7391, 34148.3667, 30085.4215, 27926.4151, 28938.3658, 27031.6388], maxlen=10)
INFO - Epoch 130 - AUC: 0.7426 - Accuracy: 0.5812 - Loss: deque([29281.314, 28653.1623, 28525.7391, 34148.3667, 30085.4215, 27926.4151, 28938.3658, 27031.6388, 27361.1641, 33595.4354], maxlen=10)
INFO - Epoch 132 - AUC: 0.7449 - Accuracy: 0.5934 - Loss: deque([28525.7391, 34148.3667, 30085.4215, 27926.4151, 28938.3658, 27031.6388, 27361.1641, 33595.4354, 31611.8896, 29403.2973], maxlen=10)
INFO - Epoch 134 - AUC: 0.7453 - Accuracy: 0.5944 - Loss: deque([30085.4215, 27926.4151, 28938.3658, 27031.6388, 27361.1641, 33595.4354, 31611.8896, 29403.2973, 28061.047, 26634.8146], maxlen=10)
INFO - Epoch 136 - AUC: 0.7442 - Accuracy: 0.5856 - Loss: deque([28938.3658, 27031.6388, 27361.1641, 33595.4354, 31611.8896, 29403.2973, 28061.047, 26634.8146, 33936.7645, 29773.2415], maxlen=10)
INFO - Epoch 138 - AUC: 0.7452 - Accuracy: 0.5882 - Loss: deque([27361.1641, 33595.4354, 31611.8896, 29403.2973, 28061.047, 26634.8146, 33936.7645, 29773.2415, 31834.7066, 31625.2376], maxlen=10)
INFO - Epoch 140 - AUC: 0.7462 - Accuracy: 0.5863 - Loss: deque([31611.8896, 29403.2973, 28061.047, 26634.8146, 33936.7645, 29773.2415, 31834.7066, 31625.2376, 30087.698, 28870.4496], maxlen=10)
INFO - Epoch 142 - AUC: 0.7436 - Accuracy: 0.5757 - Loss: deque([28061.047, 26634.8146, 33936.7645, 29773.2415, 31834.7066, 31625.2376, 30087.698, 28870.4496, 33683.4847, 34827.6668], maxlen=10)
INFO - Epoch 144 - AUC: 0.7475 - Accuracy: 0.5919 - Loss: deque([33936.7645, 29773.2415, 31834.7066, 31625.2376, 30087.698, 28870.4496, 33683.4847, 34827.6668, 33071.0436, 30786.1783], maxlen=10)
INFO - Epoch 146 - AUC: 0.7481 - Accuracy: 0.5907 - Loss: deque([31834.7066, 31625.2376, 30087.698, 28870.4496, 33683.4847, 34827.6668, 33071.0436, 30786.1783, 25825.236, 30416.207], maxlen=10)
INFO - Epoch 148 - AUC: 0.7458 - Accuracy: 0.5837 - Loss: deque([30087.698, 28870.4496, 33683.4847, 34827.6668, 33071.0436, 30786.1783, 25825.236, 30416.207, 28009.743, 31929.6382], maxlen=10)
INFO - Epoch 150 - AUC: 0.745 - Accuracy: 0.5726 - Loss: deque([33683.4847, 34827.6668, 33071.0436, 30786.1783, 25825.236, 30416.207, 28009.743, 31929.6382, 27431.0878, 34972.4355], maxlen=10)
INFO - Epoch 152 - AUC: 0.7499 - Accuracy: 0.5908 - Loss: deque([33071.0436, 30786.1783, 25825.236, 30416.207, 28009.743, 31929.6382, 27431.0878, 34972.4355, 31478.1943, 31261.7614], maxlen=10)
INFO - Epoch 154 - AUC: 0.751 - Accuracy: 0.5991 - Loss: deque([25825.236, 30416.207, 28009.743, 31929.6382, 27431.0878, 34972.4355, 31478.1943, 31261.7614, 28361.754, 30140.9476], maxlen=10)
INFO - Epoch 156 - AUC: 0.7467 - Accuracy: 0.5868 - Loss: deque([28009.743, 31929.6382, 27431.0878, 34972.4355, 31478.1943, 31261.7614, 28361.754, 30140.9476, 29743.4062, 28851.373], maxlen=10)
INFO - Epoch 158 - AUC: 0.7493 - Accuracy: 0.5914 - Loss: deque([27431.0878, 34972.4355, 31478.1943, 31261.7614, 28361.754, 30140.9476, 29743.4062, 28851.373, 31864.6024, 29444.2033], maxlen=10)
INFO - Epoch 160 - AUC: 0.7486 - Accuracy: 0.5843 - Loss: deque([31478.1943, 31261.7614, 28361.754, 30140.9476, 29743.4062, 28851.373, 31864.6024, 29444.2033, 30467.8646, 29277.7954], maxlen=10)
INFO - Epoch 162 - AUC: 0.7502 - Accuracy: 0.5817 - Loss: deque([28361.754, 30140.9476, 29743.4062, 28851.373, 31864.6024, 29444.2033, 30467.8646, 29277.7954, 32990.138, 36461.1477], maxlen=10)
INFO - Epoch 164 - AUC: 0.7495 - Accuracy: 0.5775 - Loss: deque([29743.4062, 28851.373, 31864.6024, 29444.2033, 30467.8646, 29277.7954, 32990.138, 36461.1477, 36102.0117, 36433.5663], maxlen=10)
INFO - Epoch 166 - AUC: 0.7502 - Accuracy: 0.576 - Loss: deque([31864.6024, 29444.2033, 30467.8646, 29277.7954, 32990.138, 36461.1477, 36102.0117, 36433.5663, 36401.1072, 33924.013], maxlen=10)
INFO - Epoch 168 - AUC: 0.7522 - Accuracy: 0.5704 - Loss: deque([30467.8646, 29277.7954, 32990.138, 36461.1477, 36102.0117, 36433.5663, 36401.1072, 33924.013, 29934.9847, 38572.6507], maxlen=10)
INFO - Epoch 170 - AUC: 0.7522 - Accuracy: 0.5738 - Loss: deque([32990.138, 36461.1477, 36102.0117, 36433.5663, 36401.1072, 33924.013, 29934.9847, 38572.6507, 34010.0693, 38305.6144], maxlen=10)
INFO - Epoch 172 - AUC: 0.7489 - Accuracy: 0.5785 - Loss: deque([36102.0117, 36433.5663, 36401.1072, 33924.013, 29934.9847, 38572.6507, 34010.0693, 38305.6144, 30915.7612, 36207.8535], maxlen=10)
INFO - Epoch 174 - AUC: 0.7552 - Accuracy: 0.5914 - Loss: deque([36401.1072, 33924.013, 29934.9847, 38572.6507, 34010.0693, 38305.6144, 30915.7612, 36207.8535, 35231.4155, 31574.2556], maxlen=10)
INFO - Epoch 176 - AUC: 0.7522 - Accuracy: 0.594 - Loss: deque([29934.9847, 38572.6507, 34010.0693, 38305.6144, 30915.7612, 36207.8535, 35231.4155, 31574.2556, 27482.6691, 32056.6593], maxlen=10)
INFO - Epoch 178 - AUC: 0.7549 - Accuracy: 0.5913 - Loss: deque([34010.0693, 38305.6144, 30915.7612, 36207.8535, 35231.4155, 31574.2556, 27482.6691, 32056.6593, 35560.4499, 33110.5413], maxlen=10)
INFO - Epoch 180 - AUC: 0.7496 - Accuracy: 0.565 - Loss: deque([30915.7612, 36207.8535, 35231.4155, 31574.2556, 27482.6691, 32056.6593, 35560.4499, 33110.5413, 31315.5481, 40506.4513], maxlen=10)
INFO - Epoch 182 - AUC: 0.7564 - Accuracy: 0.5985 - Loss: deque([35231.4155, 31574.2556, 27482.6691, 32056.6593, 35560.4499, 33110.5413, 31315.5481, 40506.4513, 30379.5893, 29371.2093], maxlen=10)
INFO - Epoch 184 - AUC: 0.7535 - Accuracy: 0.5858 - Loss: deque([27482.6691, 32056.6593, 35560.4499, 33110.5413, 31315.5481, 40506.4513, 30379.5893, 29371.2093, 36543.5463, 34225.0937], maxlen=10)
INFO - Epoch 186 - AUC: 0.7554 - Accuracy: 0.5795 - Loss: deque([35560.4499, 33110.5413, 31315.5481, 40506.4513, 30379.5893, 29371.2093, 36543.5463, 34225.0937, 35765.8757, 39227.2754], maxlen=10)
INFO - Epoch 188 - AUC: 0.7592 - Accuracy: 0.6036 - Loss: deque([31315.5481, 40506.4513, 30379.5893, 29371.2093, 36543.5463, 34225.0937, 35765.8757, 39227.2754, 38125.7311, 31912.1879], maxlen=10)
INFO - Epoch 190 - AUC: 0.7534 - Accuracy: 0.5767 - Loss: deque([30379.5893, 29371.2093, 36543.5463, 34225.0937, 35765.8757, 39227.2754, 38125.7311, 31912.1879, 31017.7207, 37941.9026], maxlen=10)
INFO - Epoch 192 - AUC: 0.7555 - Accuracy: 0.5951 - Loss: deque([36543.5463, 34225.0937, 35765.8757, 39227.2754, 38125.7311, 31912.1879, 31017.7207, 37941.9026, 39652.5298, 32324.4035], maxlen=10)
INFO - Epoch 194 - AUC: 0.7551 - Accuracy: 0.5754 - Loss: deque([35765.8757, 39227.2754, 38125.7311, 31912.1879, 31017.7207, 37941.9026, 39652.5298, 32324.4035, 33754.7052, 40772.9575], maxlen=10)
INFO - Epoch 196 - AUC: 0.7566 - Accuracy: 0.5865 - Loss: deque([38125.7311, 31912.1879, 31017.7207, 37941.9026, 39652.5298, 32324.4035, 33754.7052, 40772.9575, 34939.696, 33483.3129], maxlen=10)
INFO - Epoch 198 - AUC: 0.7542 - Accuracy: 0.5767 - Loss: deque([31017.7207, 37941.9026, 39652.5298, 32324.4035, 33754.7052, 40772.9575, 34939.696, 33483.3129, 39027.9597, 35782.6127], maxlen=10)
WARNING - The `device` argument should be set by using `torch.device` or passing a string as an argument. This behavior will be deprecated soon and currently defaults to cpu.
INFO - Loading testing dataset from /home/hmei7/workspace/tcr/attack/bap_attack/data/tcr_neg
INFO - AUC: 0.7662078445283644
INFO - ACC: 0.5242102537545313
INFO - ++++++++++++++++++++++++++++++++++++++++++++++++++++++++++++++
++++++++
